# JRE version: OpenJDK Runtime Environment (8.0_202) (build 1.8.0_202-release-1483-b49-5587405)
# Java VM: OpenJDK 64-Bit Server VM (25.202-b49-5587405 mixed mode linux-amd64 compressed oops)
Heap:
 PSYoungGen      total 267776K, used 34086K [0x00000000e0000000, 0x00000000f3100000, 0x0000000100000000)
  eden space 248320K, 5% used [0x00000000e0000000,0x00000000e0e50d78,0x00000000ef280000)
  from space 19456K, 99% used [0x00000000f1e00000,0x00000000f30f8cd8,0x00000000f3100000)
  to   space 30720K, 0% used [0x00000000ef500000,0x00000000ef500000,0x00000000f1300000)
 ParOldGen       total 119296K, used 41167K [0x00000000a0000000, 0x00000000a7480000, 0x00000000e0000000)
  object space 119296K, 34% used [0x00000000a0000000,0x00000000a2833fb8,0x00000000a7480000)
 Metaspace       used 80814K, capacity 85414K, committed 85464K, reserved 1124352K
  class space    used 10412K, capacity 11249K, committed 11264K, reserved 1048576K
GC Heap History (10 events):
Event: 33,242 GC heap before
{Heap before GC invocations=13 (full 3):
 PSYoungGen      total 242688K, used 17919K [0x00000000e0000000, 0x00000000f0580000, 0x0000000100000000)
  eden space 224768K, 0% used [0x00000000e0000000,0x00000000e0000000,0x00000000edb80000)
  from space 17920K, 99% used [0x00000000ef080000,0x00000000f01fff48,0x00000000f0200000)
  to   space 21504K, 0% used [0x00000000edb80000,0x00000000edb80000,0x00000000ef080000)
 ParOldGen       total 79360K, used 25938K [0x00000000a0000000, 0x00000000a4d80000, 0x00000000e0000000)
  object space 79360K, 32% used [0x00000000a0000000,0x00000000a1954ab0,0x00000000a4d80000)
 Metaspace       used 57325K, capacity 58986K, committed 59028K, reserved 1099776K
  class space    used 7794K, capacity 8184K, committed 8192K, reserved 1048576K
Event: 33,562 GC heap after
Heap after GC invocations=13 (full 3):
 PSYoungGen      total 242688K, used 0K [0x00000000e0000000, 0x00000000f0580000, 0x0000000100000000)
  eden space 224768K, 0% used [0x00000000e0000000,0x00000000e0000000,0x00000000edb80000)
  from space 17920K, 0% used [0x00000000ef080000,0x00000000ef080000,0x00000000f0200000)
  to   space 21504K, 0% used [0x00000000edb80000,0x00000000edb80000,0x00000000ef080000)
 ParOldGen       total 119296K, used 34504K [0x00000000a0000000, 0x00000000a7480000, 0x00000000e0000000)
  object space 119296K, 28% used [0x00000000a0000000,0x00000000a21b2280,0x00000000a7480000)
 Metaspace       used 57301K, capacity 58924K, committed 59028K, reserved 1099776K
  class space    used 7787K, capacity 8171K, committed 8192K, reserved 1048576K
}
Event: 512,774 GC heap before
{Heap before GC invocations=14 (full 3):
 PSYoungGen      total 242688K, used 224768K [0x00000000e0000000, 0x00000000f0580000, 0x0000000100000000)
  eden space 224768K, 100% used [0x00000000e0000000,0x00000000edb80000,0x00000000edb80000)
  from space 17920K, 0% used [0x00000000ef080000,0x00000000ef080000,0x00000000f0200000)
  to   space 21504K, 0% used [0x00000000edb80000,0x00000000edb80000,0x00000000ef080000)
 ParOldGen       total 119296K, used 34504K [0x00000000a0000000, 0x00000000a7480000, 0x00000000e0000000)
  object space 119296K, 28% used [0x00000000a0000000,0x00000000a21b2280,0x00000000a7480000)
 Metaspace       used 68440K, capacity 71544K, committed 71896K, reserved 1112064K
  class space    used 9027K, capacity 9651K, committed 9728K, reserved 1048576K
Event: 512,822 GC heap after
Heap after GC invocations=14 (full 3):
 PSYoungGen      total 246272K, used 17911K [0x00000000e0000000, 0x00000000f3b80000, 0x0000000100000000)
  eden space 224768K, 0% used [0x00000000e0000000,0x00000000e0000000,0x00000000edb80000)
  from space 21504K, 83% used [0x00000000edb80000,0x00000000eecfddc8,0x00000000ef080000)
  to   space 23040K, 0% used [0x00000000f2500000,0x00000000f2500000,0x00000000f3b80000)
 ParOldGen       total 119296K, used 34512K [0x00000000a0000000, 0x00000000a7480000, 0x00000000e0000000)
  object space 119296K, 28% used [0x00000000a0000000,0x00000000a21b4280,0x00000000a7480000)
 Metaspace       used 68440K, capacity 71544K, committed 71896K, reserved 1112064K
  class space    used 9027K, capacity 9651K, committed 9728K, reserved 1048576K
}
Event: 870,297 GC heap before
{Heap before GC invocations=15 (full 3):
 PSYoungGen      total 246272K, used 242679K [0x00000000e0000000, 0x00000000f3b80000, 0x0000000100000000)
  eden space 224768K, 100% used [0x00000000e0000000,0x00000000edb80000,0x00000000edb80000)
  from space 21504K, 83% used [0x00000000edb80000,0x00000000eecfddc8,0x00000000ef080000)
  to   space 23040K, 0% used [0x00000000f2500000,0x00000000f2500000,0x00000000f3b80000)
 ParOldGen       total 119296K, used 34512K [0x00000000a0000000, 0x00000000a7480000, 0x00000000e0000000)
  object space 119296K, 28% used [0x00000000a0000000,0x00000000a21b4280,0x00000000a7480000)
 Metaspace       used 73292K, capacity 77210K, committed 77400K, reserved 1116160K
  class space    used 9597K, capacity 10294K, committed 10368K, reserved 1048576K
Event: 870,339 GC heap after
Heap after GC invocations=15 (full 3):
 PSYoungGen      total 285696K, used 17376K [0x00000000e0000000, 0x00000000f3600000, 0x0000000100000000)
  eden space 268288K, 0% used [0x00000000e0000000,0x00000000e0000000,0x00000000f0600000)
  from space 17408K, 99% used [0x00000000f2500000,0x00000000f35f8188,0x00000000f3600000)
  to   space 24064K, 0% used [0x00000000f0700000,0x00000000f0700000,0x00000000f1e80000)
 ParOldGen       total 119296K, used 34520K [0x00000000a0000000, 0x00000000a7480000, 0x00000000e0000000)
  object space 119296K, 28% used [0x00000000a0000000,0x00000000a21b6280,0x00000000a7480000)
 Metaspace       used 73292K, capacity 77210K, committed 77400K, reserved 1116160K
  class space    used 9597K, capacity 10294K, committed 10368K, reserved 1048576K
}
Event: 2504,098 GC heap before
{Heap before GC invocations=16 (full 3):
 PSYoungGen      total 285696K, used 285664K [0x00000000e0000000, 0x00000000f3600000, 0x0000000100000000)
  eden space 268288K, 100% used [0x00000000e0000000,0x00000000f0600000,0x00000000f0600000)
  from space 17408K, 99% used [0x00000000f2500000,0x00000000f35f8188,0x00000000f3600000)
  to   space 24064K, 0% used [0x00000000f0700000,0x00000000f0700000,0x00000000f1e80000)
 ParOldGen       total 119296K, used 34520K [0x00000000a0000000, 0x00000000a7480000, 0x00000000e0000000)
  object space 119296K, 28% used [0x00000000a0000000,0x00000000a21b6280,0x00000000a7480000)
 Metaspace       used 78707K, capacity 83092K, committed 83288K, reserved 1122304K
  class space    used 10198K, capacity 11036K, committed 11136K, reserved 1048576K
Event: 2504,234 GC heap after
Heap after GC invocations=16 (full 3):
 PSYoungGen      total 281600K, used 23473K [0x00000000e0000000, 0x00000000f3100000, 0x0000000100000000)
  eden space 258048K, 0% used [0x00000000e0000000,0x00000000e0000000,0x00000000efc00000)
  from space 23552K, 99% used [0x00000000f0700000,0x00000000f1dec440,0x00000000f1e00000)
  to   space 19456K, 0% used [0x00000000f1e00000,0x00000000f1e00000,0x00000000f3100000)
 ParOldGen       total 119296K, used 34528K [0x00000000a0000000, 0x00000000a7480000, 0x00000000e0000000)
  object space 119296K, 28% used [0x00000000a0000000,0x00000000a21b8280,0x00000000a7480000)
 Metaspace       used 78707K, capacity 83092K, committed 83288K, reserved 1122304K
  class space    used 10198K, capacity 11036K, committed 11136K, reserved 1048576K
}
Event: 2599,198 GC heap before
{Heap before GC invocations=17 (full 3):
 PSYoungGen      total 281600K, used 281521K [0x00000000e0000000, 0x00000000f3100000, 0x0000000100000000)
  eden space 258048K, 100% used [0x00000000e0000000,0x00000000efc00000,0x00000000efc00000)
  from space 23552K, 99% used [0x00000000f0700000,0x00000000f1dec440,0x00000000f1e00000)
  to   space 19456K, 0% used [0x00000000f1e00000,0x00000000f1e00000,0x00000000f3100000)
 ParOldGen       total 119296K, used 34528K [0x00000000a0000000, 0x00000000a7480000, 0x00000000e0000000)
  object space 119296K, 28% used [0x00000000a0000000,0x00000000a21b8280,0x00000000a7480000)
 Metaspace       used 80683K, capacity 85212K, committed 85464K, reserved 1124352K
  class space    used 10404K, capacity 11210K, committed 11264K, reserved 1048576K
Event: 2599,233 GC heap after
Heap after GC invocations=17 (full 3):
 PSYoungGen      total 267776K, used 19427K [0x00000000e0000000, 0x00000000f3100000, 0x0000000100000000)
  eden space 248320K, 0% used [0x00000000e0000000,0x00000000e0000000,0x00000000ef280000)
  from space 19456K, 99% used [0x00000000f1e00000,0x00000000f30f8cd8,0x00000000f3100000)
  to   space 30720K, 0% used [0x00000000ef500000,0x00000000ef500000,0x00000000f1300000)
 ParOldGen       total 119296K, used 41167K [0x00000000a0000000, 0x00000000a7480000, 0x00000000e0000000)
  object space 119296K, 34% used [0x00000000a0000000,0x00000000a2833fb8,0x00000000a7480000)
 Metaspace       used 80683K, capacity 85212K, committed 85464K, reserved 1124352K
  class space    used 10404K, capacity 11210K, committed 11264K, reserved 1048576K
}

